<?xml version="1.0" encoding="UTF-8"?>
<!-- Generated by org.testng.reporters.JUnitXMLReporter -->
<testsuite ignored="0" hostname="DESKTOP-R44QD4T" failures="0" tests="4" name="Test" time="0.241" errors="0" timestamp="2020-01-14T19:21:59 ART">
  <testcase classname="qaclickacademy.SeleniumTest" name="BrowserAUtomation" time="0.022"/>
  <testcase classname="qaclickacademy.SeleniumTest" name="elementsUi" time="0.004"/>
  <testcase classname="qaclickacademy.RESTAPITest" name="deleteTwitter" time="0.003"/>
  <testcase classname="qaclickacademy.RESTAPITest" name="postJira" time="0.001"/>
</testsuite> <!-- Test -->
