<?xml version="1.0" encoding="UTF-8"?>
<testng-results ignored="0" total="2" passed="2" failed="0" skipped="0">
  <reporter-output>
  </reporter-output>
  <suite started-at="2020-01-14T19:22:00 ART" name="Default suite" finished-at="2020-01-14T19:22:00 ART" duration-ms="51">
    <groups>
    </groups>
    <test started-at="2020-01-14T19:22:00 ART" name="Default test" finished-at="2020-01-14T19:22:00 ART" duration-ms="51">
      <class name="qaclickacademy.AppiumTest">
        <test-method signature="IOSApps()[pri:0, instance:qaclickacademy.AppiumTest@15b204a1]" started-at="2020-01-14T19:22:00 ART" name="IOSApps" finished-at="2020-01-14T19:22:00 ART" duration-ms="10" status="PASS">
          <reporter-output>
          </reporter-output>
        </test-method> <!-- IOSApps -->
        <test-method signature="NativeAPpAndroid()[pri:0, instance:qaclickacademy.AppiumTest@15b204a1]" started-at="2020-01-14T19:22:00 ART" name="NativeAPpAndroid" finished-at="2020-01-14T19:22:00 ART" duration-ms="3" status="PASS">
          <reporter-output>
          </reporter-output>
        </test-method> <!-- NativeAPpAndroid -->
      </class> <!-- qaclickacademy.AppiumTest -->
    </test> <!-- Default test -->
  </suite> <!-- Default suite -->
</testng-results>
